<?xml version="1.0" encoding="UTF-8"?>
<!-- Generated by org.testng.reporters.JUnitReportReporter -->
<testsuite hostname="DESKTOP-09HVLOU" failures="0" tests="3" name="Newtest_testcases.Login_Test" time="62.956" errors="0" timestamp="2023-07-27T11:08:31 BDT" skipped="0">
  <testcase classname="Newtest_testcases.Login_Test" name="loginTestwithInvalidtest" time="17.420"/>
  <testcase classname="Newtest_testcases.Login_Test" name="loginTestwithInvalidtest" time="29.188"/>
  <testcase classname="Newtest_testcases.Login_Test" name="loginTestwithInvalidtest" time="16.348"/>
</testsuite> <!-- Newtest_testcases.Login_Test -->
